Experiment UUID: f51ffc41-75aa-43f3-beb2-4dab0ebf5f8c
SLF4J: This version of SLF4J requires log4j version 1.2.12 or later. See also http://www.slf4j.org/codes.html#log4j_version
2013-09-23 15:21:58,275  INFO (com.mchange.v2.log.MLog) MLog clients using log4j logging.
2013-09-23 15:21:58,369  INFO (com.mchange.v2.c3p0.C3P0Registry) Initializing c3p0-0.9.1.2 [built 21-May-2007 15:04:56; debug? true; trace: 10]
2013-09-23 15:21:58,511  INFO (com.mchange.v2.c3p0.impl.AbstractPoolBackedDataSource) Initializing c3p0 pool... com.mchange.v2.c3p0.ComboPooledDataSource [ acquireIncrement -> 3, acquireRetryAttempts -> 30, acquireRetryDelay -> 1000, autoCommitOnClose -> false, automaticTestTable -> null, breakAfterAcquireFailure -> false, checkoutTimeout -> 0, connectionCustomizerClassName -> null, connectionTesterClassName -> com.mchange.v2.c3p0.impl.DefaultConnectionTester, dataSourceName -> z8kfsx8xl5um8v1iebgj7|116cf35, debugUnreturnedConnectionStackTraces -> false, description -> null, driverClass -> null, factoryClassLocation -> null, forceIgnoreUnresolvedTransactions -> false, identityToken -> z8kfsx8xl5um8v1iebgj7|116cf35, idleConnectionTestPeriod -> 0, initialPoolSize -> 1, jdbcUrl -> jdbc:sqlite:data/oaqa-eval.db3, maxAdministrativeTaskTime -> 0, maxConnectionAge -> 0, maxIdleTime -> 0, maxIdleTimeExcessConnections -> 0, maxPoolSize -> 4, maxStatements -> 0, maxStatementsPerConnection -> 0, minPoolSize -> 1, numHelperThreads -> 3, numThreadsAwaitingCheckoutDefaultUser -> 0, preferredTestQuery -> SELECT 1, properties -> {user=******, password=******}, propertyCycle -> 0, testConnectionOnCheckin -> false, testConnectionOnCheckout -> true, unreturnedConnectionTimeout -> 0, usesTraditionalReflectiveProxies -> false ]
Reading file: /input/small.txt from the classpath
Phase: 5|information-extractor>
	- InformationExtractor[extractor:edu.cmu.lti.oaqa.openqa.dso.extractor.LeafEphyraMainType#persistence-provider:inherit: ecd.default-log-persistence-provider]
 Total # of options configured: 1
Phase: 2|keyterm-extractor>
	- KeytermExtractor[persistence-provider:inherit: ecd.default-log-persistence-provider ]
 Total # of options configured: 1
Phase: 6|answer-generator>
	- AnswerGenerator[persistence-provider:inherit: ecd.default-log-persistence-provider ]
 Total # of options configured: 1
Phase: 3|ic-event-extractor>
	- ICEventExtractor[persistence-provider:inherit: ecd.default-log-persistence-provider ]
 Total # of options configured: 1
Phase: 1|answertype-extractor>
2013-09-23 15:22:12,894  INFO (net.didion.jwnl.dictionary.Dictionary) Installing dictionary net.didion.jwnl.dictionary.FileBackedDictionary@4d86d6
	- AnswerTypeExtractor[persistence-provider:inherit: ecd.default-log-persistence-provider ]
 Total # of options configured: 1
Phase: 4|passage-retrieval>
	- PassageRetrieval[persistence-provider:inherit: ecd.default-log-persistence-provider ]
 Total # of options configured: 1
[40] Executing option: AnswerTypeExtractor[persistence-provider:inherit: ecd.default-log-persistence-provider ] on trace 
[logger] Mon Sep 23 15:22:16 EDT 2013,f51ffc41-75aa-43f3-beb2-4dab0ebf5f8c,,ANS_TYPE,QUESTION: How many years in prison did Abu Bakar Baasyir serve?
2013-09-23 15:22:17,215  INFO (edu.cmu.lti.oaqa.openqa.dso.phase.answertype.AnswerTypeExtractor)   Answer type: NEnumber->NEquantity
[logger] Mon Sep 23 15:22:17 EDT 2013,f51ffc41-75aa-43f3-beb2-4dab0ebf5f8c,,ANS_TYPE,TYPE_DETECTED: NEnumber->NEquantity
[40]  Execution time for option AnswerTypeExtractor[persistence-provider:inherit: ecd.default-log-persistence-provider ]: 0s
[40] Executing option: KeytermExtractor[persistence-provider:inherit: ecd.default-log-persistence-provider ] on trace 1|AnswerTypeExtractor[persistence-provider:inherit: ecd.default-log-persistence-provider ]
2013-09-23 15:22:17,708  INFO (edu.cmu.lti.oaqa.openqa.dso.phase.keyterm.KeytermExtractor)   Keywords: [years, prison, Abu, Bakar, Baasyir, served]
[instance/null: BIGRAM.Abu-Bakar BIGRAM.Baasyir-serve? BIGRAM.Bakar-Baasyir BIGRAM.How-many BIGRAM.did-Abu BIGRAM.in-prison BIGRAM.many-years BIGRAM.prison-did BIGRAM.years-in FOCUS_ADJ.many FOCUS_TYPE.years MAIN_VERB.do UNIGRAM.Abu UNIGRAM.Baasyir UNIGRAM.Bakar UNIGRAM.How UNIGRAM.did UNIGRAM.in UNIGRAM.many UNIGRAM.prison UNIGRAM.serve? UNIGRAM.years WH_DET.+ WH_WORD.how_many]
2013-09-23 15:22:19,241  INFO (edu.cmu.lti.oaqa.openqa.dso.phase.keyterm.KeytermExtractor)   Phrases:  [years, prison, Abu Bakar Baasyir, served]
[40]  Execution time for option KeytermExtractor[persistence-provider:inherit: ecd.default-log-persistence-provider ]: 1s
[40] Executing option: ICEventExtractor[persistence-provider:inherit: ecd.default-log-persistence-provider ] on trace 1|AnswerTypeExtractor[persistence-provider:inherit: ecd.default-log-persistence-provider ]>2|KeytermExtractor[persistence-provider:inherit: ecd.default-log-persistence-provider ]
[logger] Mon Sep 23 15:22:19 EDT 2013,f51ffc41-75aa-43f3-beb2-4dab0ebf5f8c,1|AnswerTypeExtractor[persistence-provider:inherit: ecd.default-log-persistence-provider ]>2|KeytermExtractor[persistence-provider:inherit: ecd.default-log-persistence-provider ],IC_EVENT,EVENT_DETECTED: combined-79210
[40]  Execution time for option ICEventExtractor[persistence-provider:inherit: ecd.default-log-persistence-provider ]: 0s
[40] Executing option: PassageRetrieval[persistence-provider:inherit: ecd.default-log-persistence-provider ] on trace 1|AnswerTypeExtractor[persistence-provider:inherit: ecd.default-log-persistence-provider ]>2|KeytermExtractor[persistence-provider:inherit: ecd.default-log-persistence-provider ]>3|ICEventExtractor[persistence-provider:inherit: ecd.default-log-persistence-provider ]
#weight[passage50:25]( 0.8 #combine(years prison Abu Bakar Baasyir served) 0.15 #combine( #1(abu bakar) #1(baasyir serv) #1(bakar baasyir)) 0.05 #combine( #uw8(abu bakar) #uw8(baasyir serv) #uw8(bakar baasyir)))
2013-09-23 15:22:20,011  INFO (edu.cmu.lti.oaqa.openqa.dso.passage.LocalCorpusSearcher)   Retrieved 86 docs.
#weight[passage50:25]( 0.8 #combine(years prison Abu Bakar Baasyir served) 0.15 #combine( #1(abu bakar) #1(baasyir serv) #1(bakar baasyir)) 0.05 #combine( #uw8(abu bakar) #uw8(baasyir serv) #uw8(bakar baasyir)))
2013-09-23 15:22:20,086  INFO (edu.cmu.lti.oaqa.openqa.dso.passage.LocalCorpusSearcher)   Retrieved 81 docs.
Sep 23, 2013 3:22:20 PM org.apache.uima.cas.impl.XmiCasSerializer$XmiCasDocSerializer reportWarning(211)
WARNING: Warning: multiple references to an array.  Reference identity will not be preserved in XMI.
[40]  Execution time for option PassageRetrieval[persistence-provider:inherit: ecd.default-log-persistence-provider ]: 0s
[40] Executing option: InformationExtractor[extractor:edu.cmu.lti.oaqa.openqa.dso.extractor.LeafEphyraMainType#persistence-provider:inherit: ecd.default-log-persistence-provider] on trace 1|AnswerTypeExtractor[persistence-provider:inherit: ecd.default-log-persistence-provider ]>2|KeytermExtractor[persistence-provider:inherit: ecd.default-log-persistence-provider ]>3|ICEventExtractor[persistence-provider:inherit: ecd.default-log-persistence-provider ]>4|PassageRetrieval[persistence-provider:inherit: ecd.default-log-persistence-provider ]
2013-09-23 15:22:20,785  INFO (edu.cmu.lti.oaqa.openqa.dso.phase.ie.InformationExtractor)   Extracted 453 candidates.
Sep 23, 2013 3:22:20 PM org.apache.uima.cas.impl.XmiCasSerializer$XmiCasDocSerializer reportWarning(211)
WARNING: Warning: multiple references to an array.  Reference identity will not be preserved in XMI.
Sep 23, 2013 3:22:20 PM org.apache.uima.cas.impl.XmiCasSerializer$XmiCasDocSerializer reportWarning(211)
WARNING: Warning: multiple references to an array.  Reference identity will not be preserved in XMI.
[40]  Execution time for option InformationExtractor[extractor:edu.cmu.lti.oaqa.openqa.dso.extractor.LeafEphyraMainType#persistence-provider:inherit: ecd.default-log-persistence-provider]: 0s
[40] Executing option: AnswerGenerator[persistence-provider:inherit: ecd.default-log-persistence-provider ] on trace 1|AnswerTypeExtractor[persistence-provider:inherit: ecd.default-log-persistence-provider ]>2|KeytermExtractor[persistence-provider:inherit: ecd.default-log-persistence-provider ]>3|ICEventExtractor[persistence-provider:inherit: ecd.default-log-persistence-provider ]>4|PassageRetrieval[persistence-provider:inherit: ecd.default-log-persistence-provider ]>5|InformationExtractor[extractor:edu.cmu.lti.oaqa.openqa.dso.extractor.LeafEphyraMainType#persistence-provider:inherit: ecd.default-log-persistence-provider]
2013-09-23 15:22:21,378  INFO (edu.cmu.lti.oaqa.openqa.dso.phase.answer.AnswerGenerator)   Final top answers: "one""9.326765089783088", "2002""6.2589761551987", "2006""3.2140218423390543", "ten""2.764873352001167", "two""2.455847505714706"
[logger] Mon Sep 23 15:22:21 EDT 2013,null,null,ANS,ANS_DETECTED:  1. one 2. 2002 3. 2006 4. ten 5. two 6. 21 7. 2005 8. 26 9. 14 10. 200
Sep 23, 2013 3:22:21 PM org.apache.uima.cas.impl.XmiCasSerializer$XmiCasDocSerializer reportWarning(211)
WARNING: Warning: multiple references to an array.  Reference identity will not be preserved in XMI.
Sep 23, 2013 3:22:21 PM org.apache.uima.cas.impl.XmiCasSerializer$XmiCasDocSerializer reportWarning(211)
WARNING: Warning: multiple references to an array.  Reference identity will not be preserved in XMI.
Sep 23, 2013 3:22:21 PM org.apache.uima.cas.impl.XmiCasSerializer$XmiCasDocSerializer reportWarning(211)
WARNING: Warning: multiple references to an array.  Reference identity will not be preserved in XMI.
[40]  Execution time for option AnswerGenerator[persistence-provider:inherit: ecd.default-log-persistence-provider ]: 0s
Match: 15 for 15 ReciprocalRank: 0.04347826
15
15
15
15
15
15
15
15
15
15
15
15
15
Reciprocal rank: 0.04347826
Accuracy: 0.0
Answer recall: 1.0
Passage recall: 1.0
MRR:++++++++++++++: 0.04347826
Acc:++++++++++++++: 0.0
Recall:++++++++++++++: 1.0
Recall:++++++++++++++: 1.0
 ------------------ EVALUATION REPORT ------------------
Experiment: f51ffc41-75aa-43f3-beb2-4dab0ebf5f8c:1
Evaluator,Configuration,AnsMRR,AnsAcc,AnsRecall,PassageRecall,Count
DSOMeasureEvaluator,1|AnswerTypeExtractor[persistence-provider:inherit: ecd.default-log-persistence-provider ]>2|KeytermExtractor[persistence-provider:inherit: ecd.default-log-persistence-provider ]>3|ICEventExtractor[persistence-provider:inherit: ecd.default-log-persistence-provider ]>4|PassageRetrieval[persistence-provider:inherit: ecd.default-log-persistence-provider ]>5|InformationExtractor[extractor:edu.cmu.lti.oaqa.openqa.dso.extractor.LeafEphyraMainType#persistence-provider:inherit: ecd.default-log-persistence-provider]>6|AnswerGenerator[persistence-provider:inherit: ecd.default-log-persistence-provider ],0.0435,0.0000,1.0000,1.0000,1

 -------------------------------------------------------
